<?xml version="1.0" encoding="UTF-8"?>
<testsuites>
  <testsuite name="Cloud Computing Service" timestamp="2023-05-14T14:46:03" time="60.077" tests="1" failures="1" errors="1" skipped="0">
    <properties>
      <property name="specId" value="0"/>
      <property name="suiteName" value="Cloud Computing Service"/>
      <property name="capabilities" value="chrome.113_0_5672_93.windows"/>
      <property name="file" value="file:///C:/Users/plekh/EPAM/EPAMJS/git/Automated_Testing_Basics_in_JavaScript/Framework/WDIO/Test/specs/HurtMePleantyWDIO.test.js"/>
    </properties>
    <testcase classname="chrome.113_0_5672_93.windows.Cloud_Computing_Service" name="should open the caclculator and verify prices" time="60.059">
      <failure/>
      <error message="Timeout of 60000ms exceeded. The execution in the test &quot;Cloud Computing Service should open the caclculator and verify prices&quot; took too long. Try to reduce the run time or increase your timeout for test specs (https://webdriver.io/docs/timeouts). (C:\Users\plekh\EPAM\EPAMJS\git\Automated_Testing_Basics_in_JavaScript\Framework\WDIO\Test\specs\HurtMePleantyWDIO.test.js)"/>
      <system-out><![CDATA[
COMMAND: POST /session/91d4c67e2c376a1058d40c79728d67af/url - {"url":"https://cloud.google.com/"}
RESULT: {"url":"https://cloud.google.com/"}
COMMAND: POST /session/91d4c67e2c376a1058d40c79728d67af/element - {"using":"css selector","value":"input[name=q]"}
RESULT: {"using":"css selector","value":"input[name=q]"}
COMMAND: POST /session/91d4c67e2c376a1058d40c79728d67af/element/3209AACAED7DE8BDCCF9F5AA4724791C_element_52/clear - {}
RESULT: {}
COMMAND: POST /session/91d4c67e2c376a1058d40c79728d67af/element/3209AACAED7DE8BDCCF9F5AA4724791C_element_52/value - {"text":"Google Cloud Platform Pricing Calculator"}
RESULT: {"text":"Google Cloud Platform Pricing Calculator"}
COMMAND: POST /session/91d4c67e2c376a1058d40c79728d67af/actions - {"actions":[{"id":"action1","type":"key","parameters":{},"actions":[{"type":"keyDown","value":""},{"type":"pause","duration":10},{"type":"keyUp","value":""}]}]}
RESULT: {"actions":[{"id":"action1","type":"key","parameters":{},"actions":[{"type":"keyDown","value":""},{"type":"pause","duration":10},{"type":"keyUp","value":""}]}]}
COMMAND: DELETE /session/91d4c67e2c376a1058d40c79728d67af/actions - {}
RESULT: {}
COMMAND: POST /session/91d4c67e2c376a1058d40c79728d67af/element - {"using":"xpath","value":"(//a[contains(@class, 'gs-title')])[1]"}
RESULT: {"using":"xpath","value":"(//a[contains(@class, 'gs-title')])[1]"}
COMMAND: POST /session/91d4c67e2c376a1058d40c79728d67af/elements - {"using":"xpath","value":"(//a[contains(@class, 'gs-title')])[1]"}
RESULT: {"using":"xpath","value":"(//a[contains(@class, 'gs-title')])[1]"}
COMMAND: POST /session/91d4c67e2c376a1058d40c79728d67af/elements - {"using":"xpath","value":"(//a[contains(@class, 'gs-title')])[1]"}
RESULT: {"using":"xpath","value":"(//a[contains(@class, 'gs-title')])[1]"}
COMMAND: POST /session/91d4c67e2c376a1058d40c79728d67af/elements - {"using":"xpath","value":"(//a[contains(@class, 'gs-title')])[1]"}
RESULT: {"using":"xpath","value":"(//a[contains(@class, 'gs-title')])[1]"}
COMMAND: POST /session/91d4c67e2c376a1058d40c79728d67af/elements - {"using":"xpath","value":"(//a[contains(@class, 'gs-title')])[1]"}
RESULT: {"using":"xpath","value":"(//a[contains(@class, 'gs-title')])[1]"}
COMMAND: POST /session/91d4c67e2c376a1058d40c79728d67af/elements - {"using":"xpath","value":"(//a[contains(@class, 'gs-title')])[1]"}
RESULT: {"using":"xpath","value":"(//a[contains(@class, 'gs-title')])[1]"}
COMMAND: POST /session/91d4c67e2c376a1058d40c79728d67af/elements - {"using":"xpath","value":"(//a[contains(@class, 'gs-title')])[1]"}
RESULT: {"using":"xpath","value":"(//a[contains(@class, 'gs-title')])[1]"}
COMMAND: POST /session/91d4c67e2c376a1058d40c79728d67af/element - {"using":"xpath","value":"(//a[contains(@class, 'gs-title')])[1]"}
RESULT: {"using":"xpath","value":"(//a[contains(@class, 'gs-title')])[1]"}
COMMAND: POST /session/91d4c67e2c376a1058d40c79728d67af/element/3209AACAED7DE8BDCCF9F5AA4724791C_element_119/click - {}
RESULT: {}
COMMAND: POST /session/91d4c67e2c376a1058d40c79728d67af/element - {"using":"css selector","value":"devsite-snackbar[type=\"cookie-notification\"] button"}
RESULT: {"using":"css selector","value":"devsite-snackbar[type=\"cookie-notification\"] button"}
COMMAND: POST /session/91d4c67e2c376a1058d40c79728d67af/elements - {"using":"css selector","value":"devsite-snackbar[type=\"cookie-notification\"] button"}
RESULT: {"using":"css selector","value":"devsite-snackbar[type=\"cookie-notification\"] button"}
COMMAND: POST /session/91d4c67e2c376a1058d40c79728d67af/element - {"using":"css selector","value":"devsite-snackbar[type=\"cookie-notification\"] button"}
RESULT: {"using":"css selector","value":"devsite-snackbar[type=\"cookie-notification\"] button"}
COMMAND: POST /session/91d4c67e2c376a1058d40c79728d67af/element/A29D39800740F4241CAAFA85479C4C9F_element_166/click - {}
RESULT: {}
COMMAND: POST /session/91d4c67e2c376a1058d40c79728d67af/element - {"using":"css selector","value":"cloudx-chat"}
RESULT: {"using":"css selector","value":"cloudx-chat"}
COMMAND: GET /session/91d4c67e2c376a1058d40c79728d67af/element/A29D39800740F4241CAAFA85479C4C9F_element_167/shadow - {}
RESULT: {}
COMMAND: POST /session/91d4c67e2c376a1058d40c79728d67af/shadow/A29D39800740F4241CAAFA85479C4C9F_element_168/element - {"using":"css selector","value":"span[class=\"close\"]"}
RESULT: {"using":"css selector","value":"span[class=\"close\"]"}
COMMAND: GET /session/91d4c67e2c376a1058d40c79728d67af/element/A29D39800740F4241CAAFA85479C4C9F_element_167/shadow - {}
RESULT: {}
COMMAND: POST /session/91d4c67e2c376a1058d40c79728d67af/shadow/A29D39800740F4241CAAFA85479C4C9F_element_168/elements - {"using":"css selector","value":"span[class=\"close\"]"}
RESULT: {"using":"css selector","value":"span[class=\"close\"]"}
COMMAND: POST /session/91d4c67e2c376a1058d40c79728d67af/element - {"using":"css selector","value":"cloudx-chat"}
RESULT: {"using":"css selector","value":"cloudx-chat"}
COMMAND: GET /session/91d4c67e2c376a1058d40c79728d67af/element/A29D39800740F4241CAAFA85479C4C9F_element_167/shadow - {}
RESULT: {}
COMMAND: POST /session/91d4c67e2c376a1058d40c79728d67af/shadow/A29D39800740F4241CAAFA85479C4C9F_element_168/element - {"using":"css selector","value":"span[class=\"close\"]"}
RESULT: {"using":"css selector","value":"span[class=\"close\"]"}
COMMAND: POST /session/91d4c67e2c376a1058d40c79728d67af/element/A29D39800740F4241CAAFA85479C4C9F_element_143/click - {}
RESULT: {}
COMMAND: POST /session/91d4c67e2c376a1058d40c79728d67af/element - {"using":"css selector","value":"iframe[name^=\"goog_\"]"}
RESULT: {"using":"css selector","value":"iframe[name^=\"goog_\"]"}
COMMAND: POST /session/91d4c67e2c376a1058d40c79728d67af/elements - {"using":"css selector","value":"iframe[name^=\"goog_\"]"}
RESULT: {"using":"css selector","value":"iframe[name^=\"goog_\"]"}
COMMAND: POST /session/91d4c67e2c376a1058d40c79728d67af/element - {"using":"css selector","value":"iframe[name^=\"goog_\"]"}
RESULT: {"using":"css selector","value":"iframe[name^=\"goog_\"]"}
COMMAND: POST /session/91d4c67e2c376a1058d40c79728d67af/frame - {"id":{"element-6066-11e4-a52e-4f735466cecf":"A29D39800740F4241CAAFA85479C4C9F_element_165"}}
RESULT: {"id":{"element-6066-11e4-a52e-4f735466cecf":"A29D39800740F4241CAAFA85479C4C9F_element_165"}}
COMMAND: POST /session/91d4c67e2c376a1058d40c79728d67af/element - {"using":"css selector","value":"#myFrame"}
RESULT: {"using":"css selector","value":"#myFrame"}
COMMAND: POST /session/91d4c67e2c376a1058d40c79728d67af/elements - {"using":"css selector","value":"#myFrame"}
RESULT: {"using":"css selector","value":"#myFrame"}
COMMAND: POST /session/91d4c67e2c376a1058d40c79728d67af/element - {"using":"css selector","value":"#myFrame"}
RESULT: {"using":"css selector","value":"#myFrame"}
COMMAND: POST /session/91d4c67e2c376a1058d40c79728d67af/frame - {"id":{"element-6066-11e4-a52e-4f735466cecf":"C60B5C62D992967E7071B07DFB6C5850_element_3"}}
RESULT: {"id":{"element-6066-11e4-a52e-4f735466cecf":"C60B5C62D992967E7071B07DFB6C5850_element_3"}}
COMMAND: POST /session/91d4c67e2c376a1058d40c79728d67af/element - {"using":"css selector","value":"[id^=\"input_\"][ng-model=\"listingCtrl.computeServer.quantity\"]"}
RESULT: {"using":"css selector","value":"[id^=\"input_\"][ng-model=\"listingCtrl.computeServer.quantity\"]"}
COMMAND: POST /session/91d4c67e2c376a1058d40c79728d67af/elements - {"using":"css selector","value":"[id^=\"input_\"][ng-model=\"listingCtrl.computeServer.quantity\"]"}
RESULT: {"using":"css selector","value":"[id^=\"input_\"][ng-model=\"listingCtrl.computeServer.quantity\"]"}
COMMAND: POST /session/91d4c67e2c376a1058d40c79728d67af/element - {"using":"css selector","value":"[id^=\"input_\"][ng-model=\"listingCtrl.computeServer.quantity\"]"}
RESULT: {"using":"css selector","value":"[id^=\"input_\"][ng-model=\"listingCtrl.computeServer.quantity\"]"}
COMMAND: POST /session/91d4c67e2c376a1058d40c79728d67af/element/1095F3DA3922556964D42C3EA8D86EAB_element_168/clear - {}
RESULT: {}
COMMAND: POST /session/91d4c67e2c376a1058d40c79728d67af/element/1095F3DA3922556964D42C3EA8D86EAB_element_168/value - {"text":"4"}
RESULT: {"text":"4"}
COMMAND: POST /session/91d4c67e2c376a1058d40c79728d67af/element - {"using":"css selector","value":"md-select[ng-model=\"listingCtrl.computeServer.os\"]"}
RESULT: {"using":"css selector","value":"md-select[ng-model=\"listingCtrl.computeServer.os\"]"}
COMMAND: POST /session/91d4c67e2c376a1058d40c79728d67af/element/1095F3DA3922556964D42C3EA8D86EAB_element_169/click - {}
RESULT: {}
COMMAND: POST /session/91d4c67e2c376a1058d40c79728d67af/element - {"using":"css selector","value":"md-option[value=\"free\"]"}
RESULT: {"using":"css selector","value":"md-option[value=\"free\"]"}
COMMAND: POST /session/91d4c67e2c376a1058d40c79728d67af/element/1095F3DA3922556964D42C3EA8D86EAB_element_170/click - {}
RESULT: {}
COMMAND: POST /session/91d4c67e2c376a1058d40c79728d67af/element - {"using":"css selector","value":"md-select[ng-model=\"listingCtrl.computeServer.class\"]"}
RESULT: {"using":"css selector","value":"md-select[ng-model=\"listingCtrl.computeServer.class\"]"}
COMMAND: POST /session/91d4c67e2c376a1058d40c79728d67af/element/1095F3DA3922556964D42C3EA8D86EAB_element_171/click - {}
RESULT: {}
COMMAND: POST /session/91d4c67e2c376a1058d40c79728d67af/element - {"using":"css selector","value":"md-option[value=\"regular\"]"}
RESULT: {"using":"css selector","value":"md-option[value=\"regular\"]"}
COMMAND: POST /session/91d4c67e2c376a1058d40c79728d67af/element/1095F3DA3922556964D42C3EA8D86EAB_element_172/click - {}
RESULT: {}
COMMAND: POST /session/91d4c67e2c376a1058d40c79728d67af/element - {"using":"css selector","value":"md-select[ng-model=\"listingCtrl.computeServer.series\"]"}
RESULT: {"using":"css selector","value":"md-select[ng-model=\"listingCtrl.computeServer.series\"]"}
COMMAND: POST /session/91d4c67e2c376a1058d40c79728d67af/element/1095F3DA3922556964D42C3EA8D86EAB_element_173/click - {}
RESULT: {}
COMMAND: POST /session/91d4c67e2c376a1058d40c79728d67af/element - {"using":"css selector","value":"md-option[value=\"n1\"]"}
RESULT: {"using":"css selector","value":"md-option[value=\"n1\"]"}
COMMAND: POST /session/91d4c67e2c376a1058d40c79728d67af/elements - {"using":"css selector","value":"md-option[value=\"n1\"]"}
RESULT: {"using":"css selector","value":"md-option[value=\"n1\"]"}
COMMAND: POST /session/91d4c67e2c376a1058d40c79728d67af/element - {"using":"css selector","value":"md-option[value=\"n1\"]"}
RESULT: {"using":"css selector","value":"md-option[value=\"n1\"]"}
COMMAND: POST /session/91d4c67e2c376a1058d40c79728d67af/element/1095F3DA3922556964D42C3EA8D86EAB_element_174/click - {}
RESULT: {}
COMMAND: POST /session/91d4c67e2c376a1058d40c79728d67af/element - {"using":"css selector","value":"md-select[ng-model=\"listingCtrl.computeServer.instance\"]"}
RESULT: {"using":"css selector","value":"md-select[ng-model=\"listingCtrl.computeServer.instance\"]"}
COMMAND: POST /session/91d4c67e2c376a1058d40c79728d67af/element/1095F3DA3922556964D42C3EA8D86EAB_element_264/click - {}
RESULT: {}
COMMAND: POST /session/91d4c67e2c376a1058d40c79728d67af/element - {"using":"css selector","value":"md-option[value=\"CP-COMPUTEENGINE-VMIMAGE-N1-STANDARD-8\"]"}
RESULT: {"using":"css selector","value":"md-option[value=\"CP-COMPUTEENGINE-VMIMAGE-N1-STANDARD-8\"]"}
COMMAND: POST /session/91d4c67e2c376a1058d40c79728d67af/element/1095F3DA3922556964D42C3EA8D86EAB_element_265/click - {}
RESULT: {}
COMMAND: POST /session/91d4c67e2c376a1058d40c79728d67af/element - {"using":"xpath","value":"(//md-checkbox[@aria-label=\"Add GPUs\"]/div[@class=\"md-container md-ink-ripple\"])[1]"}
RESULT: {"using":"xpath","value":"(//md-checkbox[@aria-label=\"Add GPUs\"]/div[@class=\"md-container md-ink-ripple\"])[1]"}
COMMAND: POST /session/91d4c67e2c376a1058d40c79728d67af/element/1095F3DA3922556964D42C3EA8D86EAB_element_266/click - {}
RESULT: {}
COMMAND: POST /session/91d4c67e2c376a1058d40c79728d67af/element - {"using":"css selector","value":"md-select[ng-model=\"listingCtrl.computeServer.gpuType\"]"}
RESULT: {"using":"css selector","value":"md-select[ng-model=\"listingCtrl.computeServer.gpuType\"]"}
COMMAND: POST /session/91d4c67e2c376a1058d40c79728d67af/element/1095F3DA3922556964D42C3EA8D86EAB_element_312/click - {}
RESULT: {}
COMMAND: POST /session/91d4c67e2c376a1058d40c79728d67af/element - {"using":"css selector","value":"md-option[value=\"NVIDIA_TESLA_V100\"]"}
RESULT: {"using":"css selector","value":"md-option[value=\"NVIDIA_TESLA_V100\"]"}
COMMAND: POST /session/91d4c67e2c376a1058d40c79728d67af/element/1095F3DA3922556964D42C3EA8D86EAB_element_313/click - {}
RESULT: {}
COMMAND: POST /session/91d4c67e2c376a1058d40c79728d67af/element - {"using":"css selector","value":"md-select[ng-model=\"listingCtrl.computeServer.gpuCount\"]"}
RESULT: {"using":"css selector","value":"md-select[ng-model=\"listingCtrl.computeServer.gpuCount\"]"}
COMMAND: POST /session/91d4c67e2c376a1058d40c79728d67af/element/1095F3DA3922556964D42C3EA8D86EAB_element_314/click - {}
RESULT: {}
COMMAND: POST /session/91d4c67e2c376a1058d40c79728d67af/element - {"using":"css selector","value":"md-option[value=\"1\"][ng-repeat=\"item in listingCtrl.supportedGpuNumbers[listingCtrl.computeServer.gpuType]\"]"}
RESULT: {"using":"css selector","value":"md-option[value=\"1\"][ng-repeat=\"item in listingCtrl.supportedGpuNumbers[listingCtrl.computeServer.gpuType]\"]"}
COMMAND: POST /session/91d4c67e2c376a1058d40c79728d67af/element/1095F3DA3922556964D42C3EA8D86EAB_element_315/click - {}
RESULT: {}
COMMAND: POST /session/91d4c67e2c376a1058d40c79728d67af/element - {"using":"css selector","value":"md-select[ng-model=\"listingCtrl.computeServer.ssd\"]"}
RESULT: {"using":"css selector","value":"md-select[ng-model=\"listingCtrl.computeServer.ssd\"]"}
COMMAND: POST /session/91d4c67e2c376a1058d40c79728d67af/elements - {"using":"css selector","value":"md-select[ng-model=\"listingCtrl.computeServer.ssd\"]"}
RESULT: {"using":"css selector","value":"md-select[ng-model=\"listingCtrl.computeServer.ssd\"]"}
COMMAND: POST /session/91d4c67e2c376a1058d40c79728d67af/element - {"using":"css selector","value":"md-select[ng-model=\"listingCtrl.computeServer.ssd\"]"}
RESULT: {"using":"css selector","value":"md-select[ng-model=\"listingCtrl.computeServer.ssd\"]"}
COMMAND: POST /session/91d4c67e2c376a1058d40c79728d67af/element/1095F3DA3922556964D42C3EA8D86EAB_element_316/click - {}
RESULT: {}
COMMAND: POST /session/91d4c67e2c376a1058d40c79728d67af/element - {"using":"css selector","value":"md-option[value=\"2\"][ng-repeat=\"item in listingCtrl.dynamicSsd.computeServer\"]"}
RESULT: {"using":"css selector","value":"md-option[value=\"2\"][ng-repeat=\"item in listingCtrl.dynamicSsd.computeServer\"]"}
COMMAND: POST /session/91d4c67e2c376a1058d40c79728d67af/element/1095F3DA3922556964D42C3EA8D86EAB_element_317/click - {}
RESULT: {}
COMMAND: POST /session/91d4c67e2c376a1058d40c79728d67af/element - {"using":"css selector","value":"md-select[ng-model=\"listingCtrl.computeServer.location\"]"}
RESULT: {"using":"css selector","value":"md-select[ng-model=\"listingCtrl.computeServer.location\"]"}
COMMAND: POST /session/91d4c67e2c376a1058d40c79728d67af/element/1095F3DA3922556964D42C3EA8D86EAB_element_318/click - {}
RESULT: {}
COMMAND: POST /session/91d4c67e2c376a1058d40c79728d67af/element - {"using":"css selector","value":"md-option[value=\"europe-west3\"][ng-repeat=\"item in listingCtrl.fullRegionList | filter:listingCtrl.inputRegionText.computeServer\"]"}
RESULT: {"using":"css selector","value":"md-option[value=\"europe-west3\"][ng-repeat=\"item in listingCtrl.fullRegionList | filter:listingCtrl.inputRegionText.computeServer\"]"}
COMMAND: POST /session/91d4c67e2c376a1058d40c79728d67af/element/1095F3DA3922556964D42C3EA8D86EAB_element_319/click - {}
RESULT: {}
COMMAND: POST /session/91d4c67e2c376a1058d40c79728d67af/element - {"using":"css selector","value":"md-select[ng-model=\"listingCtrl.computeServer.cud\"]"}
RESULT: {"using":"css selector","value":"md-select[ng-model=\"listingCtrl.computeServer.cud\"]"}
COMMAND: POST /session/91d4c67e2c376a1058d40c79728d67af/element/1095F3DA3922556964D42C3EA8D86EAB_element_320/click - {}
RESULT: {}
COMMAND: POST /session/91d4c67e2c376a1058d40c79728d67af/element - {"using":"css selector","value":"md-option[value=\"1\"][id=\"select_option_134\"]"}
RESULT: {"using":"css selector","value":"md-option[value=\"1\"][id=\"select_option_134\"]"}
COMMAND: POST /session/91d4c67e2c376a1058d40c79728d67af/element/1095F3DA3922556964D42C3EA8D86EAB_element_321/click - {}
RESULT: {}
COMMAND: POST /session/91d4c67e2c376a1058d40c79728d67af/element - {"using":"css selector","value":"button[ng-click=\"listingCtrl.addComputeServer(ComputeEngineForm);\"]"}
RESULT: {"using":"css selector","value":"button[ng-click=\"listingCtrl.addComputeServer(ComputeEngineForm);\"]"}
COMMAND: POST /session/91d4c67e2c376a1058d40c79728d67af/element/1095F3DA3922556964D42C3EA8D86EAB_element_71/click - {}
RESULT: {}
COMMAND: POST /session/91d4c67e2c376a1058d40c79728d67af/element - {"using":"css selector","value":"md-list-item[ng-if=\"item.items.editHook && item.items.editHook.initialInputs.class\"]"}
COMMAND: DELETE /session/91d4c67e2c376a1058d40c79728d67af - {}
RESULT: {"using":"css selector","value":"md-list-item[ng-if=\"item.items.editHook && item.items.editHook.initialInputs.class\"]"}
COMMAND: GET /session/91d4c67e2c376a1058d40c79728d67af/element/1095F3DA3922556964D42C3EA8D86EAB_element_353/text - {}
RESULT: {}
]]></system-out>
      <system-err><![CDATA[
Error: Timeout of 60000ms exceeded. The execution in the test "Cloud Computing Service should open the caclculator and verify prices" took too long. Try to reduce the run time or increase your timeout for test specs (https://webdriver.io/docs/timeouts). (C:\Users\plekh\EPAM\EPAMJS\git\Automated_Testing_Basics_in_JavaScript\Framework\WDIO\Test\specs\HurtMePleantyWDIO.test.js)
    at createTimeoutError (C:\Users\plekh\EPAM\EPAMJS\git\Automated_Testing_Basics_in_JavaScript\Framework\WDIO\node_modules\mocha\lib\errors.js:498:15)
    at Test.Runnable._timeoutError (C:\Users\plekh\EPAM\EPAMJS\git\Automated_Testing_Basics_in_JavaScript\Framework\WDIO\node_modules\mocha\lib\runnable.js:431:10)
    at Timeout.<anonymous> (C:\Users\plekh\EPAM\EPAMJS\git\Automated_Testing_Basics_in_JavaScript\Framework\WDIO\node_modules\mocha\lib\runnable.js:246:24)
    at listOnTimeout (node:internal/timers:564:17)
    at processTimers (node:internal/timers:507:7)
]]></system-err>
    </testcase>
  </testsuite>
</testsuites>